2023-09-25 16:48:52 - INFO       | using credentials of 'KM\BLD_CENTRAL_APP_USER'
2023-09-25 16:48:52 - INFO       | searching available servers
2023-09-25 16:48:52 - DEBUG      | trying 'tamprdkmcmcsg1.km.analog.com'
2023-09-25 16:49:26 - WARNING    | Failed to connect to server 'tamprdkmcmcsg1.km.analog.com'
2023-09-25 16:49:26 - DEBUG      | 500 - Internal Server Error
2023-09-25 16:49:26 - DEBUG      | trying '10.74.71.39'
2023-09-25 16:49:26 - WARNING    | Failed to connect to server '10.74.71.39'
2023-09-25 16:49:26 - DEBUG      | 500 - Internal Server Error
2023-09-25 16:49:26 - ERROR      | No suitable kmi server found
2023-09-25 16:53:04 - INFO       | using credentials of 'KM\BLD_CENTRAL_APP_USER'
2023-09-25 16:53:04 - INFO       | searching available servers
2023-09-25 16:53:04 - DEBUG      | trying 'tamprdkmcmcsg1.km.analog.com'
2023-09-25 16:53:37 - WARNING    | Failed to connect to server 'tamprdkmcmcsg1.km.analog.com'
2023-09-25 16:53:37 - DEBUG      | 500 - Internal Server Error
2023-09-25 16:53:37 - DEBUG      | trying '10.74.71.39'
2023-09-25 16:53:37 - WARNING    | Failed to connect to server '10.74.71.39'
2023-09-25 16:53:37 - DEBUG      | 500 - Internal Server Error
2023-09-25 16:53:37 - ERROR      | No suitable kmi server found
2023-09-25 16:55:35 - INFO       | using credentials of 'KM\BLD_CENTRAL_APP_USER'
2023-09-25 16:55:35 - INFO       | searching available servers
2023-09-25 16:55:35 - DEBUG      | trying 'tamprdkmcmcsg1.km.analog.com'
2023-09-25 16:56:08 - WARNING    | Failed to connect to server 'tamprdkmcmcsg1.km.analog.com'
2023-09-25 16:56:08 - DEBUG      | 500 - Internal Server Error
2023-09-25 16:56:08 - DEBUG      | trying '10.74.71.39'
2023-09-25 16:56:09 - WARNING    | Failed to connect to server '10.74.71.39'
2023-09-25 16:56:09 - DEBUG      | 500 - Internal Server Error
2023-09-25 16:56:09 - ERROR      | No suitable kmi server found
2023-09-25 22:06:34 - INFO       | using credentials of 'KM\BLD_CENTRAL_APP_USER'
2023-09-25 22:06:34 - INFO       | searching available servers
2023-09-25 22:06:34 - DEBUG      | trying 'tamprdkmcmcsg1.km.analog.com'
2023-09-25 22:07:32 - INFO       | using kmi server 'tamprdkmcmcsg1.km.analog.com'
2023-09-25 22:07:32 - INFO       | using signing profile 'ANALOG_GENERIC_SIGNING_KEY_2022_06_01' in group 'SEC_ADI_KM_PROD_GENERIC_Developer'
2023-09-25 22:07:32 - INFO       | Sending signing request to 'https://tamprdkmcmcsg1.km.analog.com'
2023-09-25 22:07:32 - DEBUG      | 'LookAndFeel.dll' sha-256 digest is: 476f32ecd1b946949d7d1e837e9b9fcc2db75f1f27bc8b39de3114c98b8fcebc
2023-09-25 22:07:41 - INFO       | Signing request submitted
2023-09-25 22:07:41 - INFO       | Request is 3934
2023-09-25 22:07:41 - INFO       | Waiting for request 3934 to finish
2023-09-25 22:07:41 - INFO       | will query server with 1 second delay, up to 100 times
2023-09-25 22:07:51 - INFO       | signature complete on query #2
2023-09-25 22:08:00 - INFO       | signature written to 'LookAndFeel.dll'
2023-09-25 22:09:32 - INFO       | using credentials of 'KM\BLD_CENTRAL_APP_USER'
2023-09-25 22:09:32 - INFO       | searching available servers
2023-09-25 22:09:32 - DEBUG      | trying 'tamprdkmcmcsg1.km.analog.com'
2023-09-25 22:09:36 - INFO       | using kmi server 'tamprdkmcmcsg1.km.analog.com'
2023-09-25 22:09:36 - INFO       | using signing profile 'ANALOG_GENERIC_SIGNING_KEY_2022_06_01' in group 'SEC_ADI_KM_PROD_GENERIC_Developer'
2023-09-25 22:09:36 - INFO       | Sending signing request to 'https://tamprdkmcmcsg1.km.analog.com'
2023-09-25 22:09:36 - DEBUG      | 'ds24b33_read_write.exe' sha-256 digest is: b8d215d28c268de0d2d826bc78b9a888f62aa08b498c0bd05b108f3da34987eb
2023-09-25 22:09:41 - INFO       | Signing request submitted
2023-09-25 22:09:41 - INFO       | Request is 3935
2023-09-25 22:09:41 - INFO       | Waiting for request 3935 to finish
2023-09-25 22:09:41 - INFO       | will query server with 1 second delay, up to 100 times
2023-09-25 22:09:52 - INFO       | signature complete on query #2
2023-09-25 22:09:57 - INFO       | signature written to 'ds24b33_read_write.exe'
